###############################################################################
#                                                                             #
# IAR C/C++ Compiler V8.10.1.40194/W32 for 8051         03/Sep/2015  13:14:22 #
# Copyright 2004-2011 IAR Systems AB.                                         #
#                                                                             #
#    Core               =  plain                                              #
#    Code model         =  banked                                             #
#    Data model         =  large                                              #
#    Calling convention =  xdata reentrant                                    #
#    Constant location  =  data_rom                                           #
#    Dptr setup         =  1,16                                               #
#    Source file        =  C:\Texas Instruments\ZStack-CC2530-2.5.1a\Componen #
#                          ts\hal\common\hal_assert.c                         #
#    Command line       =  -f "C:\Texas Instruments\ZStack-CC2530-2.5.1a\Proj #
#                          ects\zstack\Samples\SampleApp\CC2530DB\..\..\..\To #
#                          ols\CC2530DB\f8wRouter.cfg" (-DCPU32MHZ            #
#                          -DROOT=__near_func -DMAC_CFG_APP_PENDING_QUEUE=TRU #
#                          E -DMAC_CFG_TX_DATA_MAX=5 -DMAC_CFG_TX_MAX=8       #
#                          -DMAC_CFG_RX_MAX=5 -DRTR_NWK) -f "C:\Texas         #
#                          Instruments\ZStack-CC2530-2.5.1a\Projects\zstack\S #
#                          amples\SampleApp\CC2530DB\..\..\..\Tools\CC2530DB\ #
#                          f8wConfig.cfg" (-DZIGBEEPRO -DSECURE=0             #
#                          -DZG_SECURE_DYNAMIC=0 -DREFLECTOR                  #
#                          -DDEFAULT_CHANLIST=0x00000800                      #
#                          -DZDAPP_CONFIG_PAN_ID=0xFFFF                       #
#                          -DNWK_START_DELAY=100 -DEXTENDED_JOINING_RANDOM_MA #
#                          SK=0x007F -DBEACON_REQUEST_DELAY=100               #
#                          -DBEACON_REQ_DELAY_MASK=0x00FF                     #
#                          -DLINK_STATUS_JITTER_MASK=0x007F                   #
#                          -DROUTE_EXPIRY_TIME=30 -DAPSC_ACK_WAIT_DURATION_PO #
#                          LLED=3000 -DNWK_INDIRECT_MSG_TIMEOUT=7             #
#                          -DMAX_RREQ_ENTRIES=8 -DAPSC_MAX_FRAME_RETRIES=3    #
#                          -DNWK_MAX_DATA_RETRIES=2                           #
#                          -DMAX_POLL_FAILURE_RETRIES=2 -DMAX_BCAST=9         #
#                          -DAPS_MAX_GROUPS=16 -DMAX_RTG_ENTRIES=40           #
#                          -DNWK_MAX_BINDING_ENTRIES=4                        #
#                          -DMAX_BINDING_CLUSTER_IDS=4 "-DDEFAULT_KEY={0x01,  #
#                          0x03, 0x05, 0x07, 0x09, 0x0B, 0x0D, 0x0F, 0x00,    #
#                          0x02, 0x04, 0x06, 0x08, 0x0A, 0x0C, 0x0D}"         #
#                          -DMAC_MAX_FRAME_SIZE=116                           #
#                          -DZDNWKMGR_MIN_TRANSMISSIONS=20 "-DCONST=const     #
#                          __code" -DGENERIC=__generic                        #
#                          -DRFD_RCVC_ALWAYS_ON=FALSE -DPOLL_RATE=1000        #
#                          -DQUEUED_POLL_RATE=100 -DRESPONSE_POLL_RATE=100)   #
#                          -DREJOIN_POLL_RATE=440 "C:\Texas                   #
#                          Instruments\ZStack-CC2530-2.5.1a\Components\hal\co #
#                          mmon\hal_assert.c" -D ZTOOL_P1 -D MT_TASK -D       #
#                          MT_SYS_FUNC -D MT_ZDO_FUNC -D LCD_SUPPORTED=DEBUG  #
#                          -lC "C:\Texas Instruments\ZStack-CC2530-2.5.1a\Pro #
#                          jects\zstack\Samples\SampleApp\CC2530DB\RouterEB\L #
#                          ist\" -lA "C:\Texas Instruments\ZStack-CC2530-2.5. #
#                          1a\Projects\zstack\Samples\SampleApp\CC2530DB\Rout #
#                          erEB\List\" --diag_suppress Pe001,Pa010 -o         #
#                          "C:\Texas Instruments\ZStack-CC2530-2.5.1a\Project #
#                          s\zstack\Samples\SampleApp\CC2530DB\RouterEB\Obj\" #
#                           -e --no_cse --no_unroll --no_inline               #
#                          --no_code_motion --no_tbaa --debug --core=plain    #
#                          --dptr=16,1 --data_model=large                     #
#                          --code_model=banked --calling_convention=xdata_ree #
#                          ntrant --place_constants=data_rom                  #
#                          --nr_virtual_regs 16 -I "C:\Texas                  #
#                          Instruments\ZStack-CC2530-2.5.1a\Projects\zstack\S #
#                          amples\SampleApp\CC2530DB\" -I "C:\Texas           #
#                          Instruments\ZStack-CC2530-2.5.1a\Projects\zstack\S #
#                          amples\SampleApp\CC2530DB\..\Source\" -I           #
#                          "C:\Texas Instruments\ZStack-CC2530-2.5.1a\Project #
#                          s\zstack\Samples\SampleApp\CC2530DB\..\..\..\ZMain #
#                          \TI2530DB\" -I "C:\Texas                           #
#                          Instruments\ZStack-CC2530-2.5.1a\Projects\zstack\S #
#                          amples\SampleApp\CC2530DB\..\..\..\..\..\Component #
#                          s\hal\include\" -I "C:\Texas                       #
#                          Instruments\ZStack-CC2530-2.5.1a\Projects\zstack\S #
#                          amples\SampleApp\CC2530DB\..\..\..\..\..\Component #
#                          s\hal\target\CC2530EB\" -I "C:\Texas               #
#                          Instruments\ZStack-CC2530-2.5.1a\Projects\zstack\S #
#                          amples\SampleApp\CC2530DB\..\..\..\..\..\Component #
#                          s\mac\include\" -I "C:\Texas                       #
#                          Instruments\ZStack-CC2530-2.5.1a\Projects\zstack\S #
#                          amples\SampleApp\CC2530DB\..\..\..\..\..\Component #
#                          s\mac\high_level\" -I "C:\Texas                    #
#                          Instruments\ZStack-CC2530-2.5.1a\Projects\zstack\S #
#                          amples\SampleApp\CC2530DB\..\..\..\..\..\Component #
#                          s\mac\low_level\srf04\" -I "C:\Texas               #
#                          Instruments\ZStack-CC2530-2.5.1a\Projects\zstack\S #
#                          amples\SampleApp\CC2530DB\..\..\..\..\..\Component #
#                          s\mac\low_level\srf04\single_chip\" -I "C:\Texas   #
#                          Instruments\ZStack-CC2530-2.5.1a\Projects\zstack\S #
#                          amples\SampleApp\CC2530DB\..\..\..\..\..\Component #
#                          s\mt\" -I "C:\Texas Instruments\ZStack-CC2530-2.5. #
#                          1a\Projects\zstack\Samples\SampleApp\CC2530DB\..\. #
#                          .\..\..\..\Components\osal\include\" -I "C:\Texas  #
#                          Instruments\ZStack-CC2530-2.5.1a\Projects\zstack\S #
#                          amples\SampleApp\CC2530DB\..\..\..\..\..\Component #
#                          s\services\saddr\" -I "C:\Texas                    #
#                          Instruments\ZStack-CC2530-2.5.1a\Projects\zstack\S #
#                          amples\SampleApp\CC2530DB\..\..\..\..\..\Component #
#                          s\services\sdata\" -I "C:\Texas                    #
#                          Instruments\ZStack-CC2530-2.5.1a\Projects\zstack\S #
#                          amples\SampleApp\CC2530DB\..\..\..\..\..\Component #
#                          s\stack\af\" -I "C:\Texas                          #
#                          Instruments\ZStack-CC2530-2.5.1a\Projects\zstack\S #
#                          amples\SampleApp\CC2530DB\..\..\..\..\..\Component #
#                          s\stack\nwk\" -I "C:\Texas                         #
#                          Instruments\ZStack-CC2530-2.5.1a\Projects\zstack\S #
#                          amples\SampleApp\CC2530DB\..\..\..\..\..\Component #
#                          s\stack\sapi\" -I "C:\Texas                        #
#                          Instruments\ZStack-CC2530-2.5.1a\Projects\zstack\S #
#                          amples\SampleApp\CC2530DB\..\..\..\..\..\Component #
#                          s\stack\sec\" -I "C:\Texas                         #
#                          Instruments\ZStack-CC2530-2.5.1a\Projects\zstack\S #
#                          amples\SampleApp\CC2530DB\..\..\..\..\..\Component #
#                          s\stack\sys\" -I "C:\Texas                         #
#                          Instruments\ZStack-CC2530-2.5.1a\Projects\zstack\S #
#                          amples\SampleApp\CC2530DB\..\..\..\..\..\Component #
#                          s\stack\zdo\" -I "C:\Texas                         #
#                          Instruments\ZStack-CC2530-2.5.1a\Projects\zstack\S #
#                          amples\SampleApp\CC2530DB\..\..\..\..\..\Component #
#                          s\zmac\" -I "C:\Texas Instruments\ZStack-CC2530-2. #
#                          5.1a\Projects\zstack\Samples\SampleApp\CC2530DB\.. #
#                          \..\..\..\..\Components\zmac\f8w\" -On             #
#                          --require_prototypes                               #
#    List file          =  C:\Texas Instruments\ZStack-CC2530-2.5.1a\Projects #
#                          \zstack\Samples\SampleApp\CC2530DB\RouterEB\List\h #
#                          al_assert.lst                                      #
#    Object file        =  C:\Texas Instruments\ZStack-CC2530-2.5.1a\Projects #
#                          \zstack\Samples\SampleApp\CC2530DB\RouterEB\Obj\ha #
#                          l_assert.r51                                       #
#                                                                             #
#                                                                             #
###############################################################################

C:\Texas Instruments\ZStack-CC2530-2.5.1a\Components\hal\common\hal_assert.c
      1          /**************************************************************************************************
      2            Filename:       hal_assert.c
      3            Revised:        $Date: 2010-11-22 08:13:43 -0800 (Mon, 22 Nov 2010) $
      4            Revision:       $Revision: 24480 $
      5          
      6            Description:    Describe the purpose and contents of the file.
      7          
      8          
      9            Copyright 2006-2010 Texas Instruments Incorporated. All rights reserved.
     10          
     11            IMPORTANT: Your use of this Software is limited to those specific rights
     12            granted under the terms of a software license agreement between the user
     13            who downloaded the software, his/her employer (which must be your employer)
     14            and Texas Instruments Incorporated (the "License").  You may not use this
     15            Software unless you agree to abide by the terms of the License. The License
     16            limits your use, and you acknowledge, that the Software may not be modified,
     17            copied or distributed unless embedded on a Texas Instruments microcontroller
     18            or used solely and exclusively in conjunction with a Texas Instruments radio
     19            frequency transceiver, which is integrated into your product.  Other than for
     20            the foregoing purpose, you may not use, reproduce, copy, prepare derivative
     21            works of, modify, distribute, perform, display or sell this Software and/or
     22            its documentation for any purpose.
     23          
     24            YOU FURTHER ACKNOWLEDGE AND AGREE THAT THE SOFTWARE AND DOCUMENTATION ARE
     25            PROVIDED “AS IS” WITHOUT WARRANTY OF ANY KIND, EITHER EXPRESS OR IMPLIED,
     26            INCLUDING WITHOUT LIMITATION, ANY WARRANTY OF MERCHANTABILITY, TITLE,
     27            NON-INFRINGEMENT AND FITNESS FOR A PARTICULAR PURPOSE. IN NO EVENT SHALL
     28            TEXAS INSTRUMENTS OR ITS LICENSORS BE LIABLE OR OBLIGATED UNDER CONTRACT,
     29            NEGLIGENCE, STRICT LIABILITY, CONTRIBUTION, BREACH OF WARRANTY, OR OTHER
     30            LEGAL EQUITABLE THEORY ANY DIRECT OR INDIRECT DAMAGES OR EXPENSES
     31            INCLUDING BUT NOT LIMITED TO ANY INCIDENTAL, SPECIAL, INDIRECT, PUNITIVE
     32            OR CONSEQUENTIAL DAMAGES, LOST PROFITS OR LOST DATA, COST OF PROCUREMENT
     33            OF SUBSTITUTE GOODS, TECHNOLOGY, SERVICES, OR ANY CLAIMS BY THIRD PARTIES
     34            (INCLUDING BUT NOT LIMITED TO ANY DEFENSE THEREOF), OR OTHER SIMILAR COSTS.
     35          
     36            Should you have any questions regarding your right to use this Software,
     37            contact Texas Instruments Incorporated at www.TI.com.
     38          **************************************************************************************************/
     39          
     40          
     41          /* ------------------------------------------------------------------------------------------------
     42           *                                          Includes
     43           * ------------------------------------------------------------------------------------------------
     44           */
     45          #include "hal_assert.h"
     46          #include "hal_types.h"
     47          #include "hal_board.h"

   \                                 In  segment SFR_AN, at 0x80
   \   union <unnamed> volatile __sfr _A_P0
   \                     _A_P0:
   \   000000                DS 1

   \                                 In  segment SFR_AN, at 0x8f
   \   unsigned char volatile __sfr P0INP
   \                     P0INP:
   \   000000                DS 1

   \                                 In  segment SFR_AN, at 0x90
   \   union <unnamed> volatile __sfr _A_P1
   \                     _A_P1:
   \   000000                DS 1

   \                                 In  segment SFR_AN, at 0x9d
   \   unsigned char volatile __sfr SLEEPSTA
   \                     SLEEPSTA:
   \   000000                DS 1

   \                                 In  segment SFR_AN, at 0x9e
   \   unsigned char volatile __sfr CLKCONSTA
   \                     CLKCONSTA:
   \   000000                DS 1

   \                                 In  segment SFR_AN, at 0xa8
   \   union <unnamed> volatile __sfr _A_IEN0
   \                     _A_IEN0:
   \   000000                DS 1

   \                                 In  segment SFR_AN, at 0xbe
   \   unsigned char volatile __sfr SLEEPCMD
   \                     SLEEPCMD:
   \   000000                DS 1

   \                                 In  segment SFR_AN, at 0xc6
   \   unsigned char volatile __sfr CLKCONCMD
   \                     CLKCONCMD:
   \   000000                DS 1

   \                                 In  segment SFR_AN, at 0xfd
   \   unsigned char volatile __sfr P0DIR
   \                     P0DIR:
   \   000000                DS 1

   \                                 In  segment SFR_AN, at 0xfe
   \   unsigned char volatile __sfr P1DIR
   \                     P1DIR:
   \   000000                DS 1
     48          #include "hal_defs.h"
     49          #include "hal_mcu.h"
     50          
     51          #if (defined HAL_MCU_AVR) || (defined HAL_MCU_CC2430) || (defined HAL_MCU_CC2530) || \
     52              (defined HAL_MCU_CC2533) || (defined HAL_MCU_MSP430)
     53            /* for access to debug data */
     54          #include "mac_rx.h"
     55          #include "mac_tx.h"
     56          #endif
     57          
     58          /* ------------------------------------------------------------------------------------------------
     59           *                                       Local Prototypes
     60           * ------------------------------------------------------------------------------------------------
     61           */
     62          void halAssertHazardLights(void);
     63          
     64          
     65          /**************************************************************************************************
     66           * @fn          halAssertHandler
     67           *
     68           * @brief       Logic to handle an assert.
     69           *
     70           * @param       none
     71           *
     72           * @return      none
     73           **************************************************************************************************
     74           */

   \                                 In  segment BANKED_CODE, align 1, keep-with-next
     75          void halAssertHandler(void)
   \                     halAssertHandler:
     76          {
   \   000000   C082         PUSH    DPL
   \   000002   C083         PUSH    DPH
   \   000004                ; Saved register size: 2
   \   000004                ; Auto size: 0
     77            /* execute code that handles asserts */
     78          #ifdef ASSERT_RESET
     79            HAL_SYSTEM_RESET();
     80          #elif !defined ASSERT_WHILE
     81            halAssertHazardLights();
   \   000004                ; Setup parameters for call to function halAssertHazardLights
   \   000004   12....       LCALL   ??halAssertHazardLights?relay
     82          #else
     83            while(1);
     84          #endif
     85          }
   \   000007   D083         POP     DPH
   \   000009   D082         POP     DPL
   \   00000B   02....       LJMP    ?BRET
     86          
     87          #if !defined ASSERT_WHILE
     88          /**************************************************************************************************
     89           * @fn          halAssertHazardLights
     90           *
     91           * @brief       Blink LEDs to indicate an error.
     92           *
     93           * @param       none
     94           *
     95           * @return      none
     96           **************************************************************************************************
     97           */

   \                                 In  segment BANKED_CODE, align 1, keep-with-next
     98          void halAssertHazardLights(void)
   \                     halAssertHazardLights:
     99          {
   \   000000   74F0         MOV     A,#-0x10
   \   000002   12....       LCALL   ?BANKED_ENTER_XDATA
   \   000005                ; Saved register size: 16
   \   000005                ; Auto size: 10
   \   000005   74F6         MOV     A,#-0xa
   \   000007   12....       LCALL   ?ALLOC_XSTACK8
    100            enum
    101            {
    102              DEBUG_DATA_RSTACK_HIGH_OFS,
    103              DEBUG_DATA_RSTACK_LOW_OFS,
    104              DEBUG_DATA_TX_ACTIVE_OFS,
    105              DEBUG_DATA_RX_ACTIVE_OFS,
    106          
    107          #if (defined HAL_MCU_AVR) || (defined HAL_MCU_CC2430)
    108              DEBUG_DATA_INT_MASK_OFS,
    109          #elif (defined HAL_MCU_CC2530) || (defined HAL_MCU_CC2533)
    110              DEBUG_DATA_INT_MASK0_OFS,
    111              DEBUG_DATA_INT_MASK1_OFS,
    112          #endif
    113          
    114              DEBUG_DATA_SIZE
    115            };
    116          
    117            uint8 buttonHeld;
    118            uint8 debugData[DEBUG_DATA_SIZE];
    119          
    120            /* disable all interrupts before anything else */
    121            HAL_DISABLE_INTERRUPTS();
   \   00000A   C2AF         CLR     0xa8.7
    122          
    123            /*-------------------------------------------------------------------------------
    124             *  Initialize LEDs and turn them off.
    125             */
    126            HAL_BOARD_INIT();
   \   00000C   53BEFB       ANL     0xbe,#0xfb
   \                     ??halAssertHazardLights_0:
   \   00000F   E59D         MOV     A,0x9d
   \   000011   A2E6         MOV     C,0xE0 /* A   */.6
   \   000013   50FA         JNC     ??halAssertHazardLights_0
   \   000015   00           NOP
   \   000016   7E00         MOV     R6,#0x0
   \   000018   7F00         MOV     R7,#0x0
   \                     ??halAssertHazardLights_1:
   \   00001A   C3           CLR     C
   \   00001B   EE           MOV     A,R6
   \   00001C   94F8         SUBB    A,#-0x8
   \   00001E   EF           MOV     A,R7
   \   00001F   9401         SUBB    A,#0x1
   \   000021   500B         JNC     ??halAssertHazardLights_2
   \   000023   00           NOP
   \   000024   EE           MOV     A,R6
   \   000025   2401         ADD     A,#0x1
   \   000027   FE           MOV     R6,A
   \   000028   EF           MOV     A,R7
   \   000029   3400         ADDC    A,#0x0
   \   00002B   FF           MOV     R7,A
   \   00002C   80EC         SJMP    ??halAssertHazardLights_1
   \                     ??halAssertHazardLights_2:
   \   00002E   75C600       MOV     0xc6,#0x0
   \                     ??halAssertHazardLights_3:
   \   000031   E59E         MOV     A,0x9e
   \   000033   70FC         JNZ     ??halAssertHazardLights_3
   \   000035   43BE04       ORL     0xbe,#0x4
   \   000038   906270       MOV     DPTR,#0x6270
   \   00003B   7408         MOV     A,#0x8
   \   00003D   F0           MOVX    @DPTR,A
   \   00003E   43FE01       ORL     0xfe,#0x1
   \   000041   43FD80       ORL     0xfd,#0x80
   \   000044   438F01       ORL     0x8f,#0x1
   \   000047                ; Setup parameters for call to function MAC_RfFrontendSetup
   \   000047   12....       LCALL   ??MAC_RfFrontendSetup?relay
    127          
    128            HAL_TURN_OFF_LED1();
   \   00004A   C290         CLR     0x90.0
    129            HAL_TURN_OFF_LED2();
   \   00004C   C290         CLR     0x90.0
    130            HAL_TURN_OFF_LED3();
   \   00004E   C290         CLR     0x90.0
    131            HAL_TURN_OFF_LED4();
   \   000050   C290         CLR     0x90.0
    132          
    133            /*-------------------------------------------------------------------------------
    134             *  Master infinite loop.
    135             */
    136            for (;;)
    137            {
    138              buttonHeld = 0;
   \                     ??halAssertHazardLights_4:
   \   000052   75..00       MOV     ?V0 + 2,#0x0
    139          
    140              /*-------------------------------------------------------------------------------
    141               *  "Hazard lights" loop.  A held keypress will exit this loop.
    142               */
    143              do
    144              {
    145                HAL_LED_BLINK_DELAY();
   \                     ??halAssertHazardLights_5:
   \   000055   90....       MOV     DPTR,#__Constant_0
   \   000058   12....       LCALL   ?XLOAD_R2345
   \   00005B   85..82       MOV     DPL,?XSP + 0
   \   00005E   85..83       MOV     DPH,?XSP + 1
   \   000061   12....       LCALL   ?XSTORE_R2345
   \                     ??halAssertHazardLights_6:
   \   000064   85..82       MOV     DPL,?XSP + 0
   \   000067   85..83       MOV     DPH,?XSP + 1
   \   00006A   C082         PUSH    DPL
   \   00006C   C083         PUSH    DPH
   \   00006E   90....       MOV     DPTR,#__Constant_5800
   \   000071   78..         MOV     R0,#?V0 + 4
   \   000073   12....       LCALL   ?L_MOV_X
   \   000076   D083         POP     DPH
   \   000078   D082         POP     DPL
   \   00007A   78..         MOV     R0,#?V0 + 4
   \   00007C   12....       LCALL   ?UL_GT_X
   \   00007F   5015         JNC     ??halAssertHazardLights_7
   \   000081   90....       MOV     DPTR,#__Constant_1
   \   000084   78..         MOV     R0,#?V0 + 4
   \   000086   12....       LCALL   ?L_MOV_X
   \   000089   85..82       MOV     DPL,?XSP + 0
   \   00008C   85..83       MOV     DPH,?XSP + 1
   \   00008F   78..         MOV     R0,#?V0 + 4
   \   000091   12....       LCALL   ?L_ADD_TO_X
   \   000094   80CE         SJMP    ??halAssertHazardLights_6
    146          
    147                /* toggle LEDS, the #ifdefs are in case HAL has logically remapped non-existent LEDs */
    148          #if (HAL_NUM_LEDS >= 1)
    149                HAL_TOGGLE_LED1();
   \                     ??halAssertHazardLights_7:
   \   000096   A290         MOV     C,0x90.0
   \   000098   5004         JNC     ??halAssertHazardLights_8
   \   00009A   C290         CLR     0x90.0
   \   00009C   8002         SJMP    ??halAssertHazardLights_9
   \                     ??halAssertHazardLights_8:
   \   00009E   D290         SETB    0x90.0
    150          #if (HAL_NUM_LEDS >= 2)
    151                HAL_TOGGLE_LED2();
    152          #if (HAL_NUM_LEDS >= 3)
    153                HAL_TOGGLE_LED3();
    154          #if (HAL_NUM_LEDS >= 4)
    155                HAL_TOGGLE_LED4();
    156          #endif
    157          #endif
    158          #endif
    159          #endif
    160          
    161                /* escape hatch to continue execution, set escape to '1' to continue execution */
    162                {
    163                  static uint8 escape = 0;
    164                  if (escape)
   \                     ??halAssertHazardLights_9:
   \   0000A0   90....       MOV     DPTR,#??escape
   \   0000A3   E0           MOVX    A,@DPTR
   \   0000A4   6009         JZ      ??halAssertHazardLights_10
    165                  {
    166                    escape = 0;
   \   0000A6   90....       MOV     DPTR,#??escape
   \   0000A9   7400         MOV     A,#0x0
   \   0000AB   F0           MOVX    @DPTR,A
    167                    return;
   \   0000AC   02....       LJMP    ??halAssertHazardLights_11 & 0xFFFF
    168                  }
    169                }
    170          
    171                /* break out of loop if button is held long enough */
    172                if (HAL_PUSH_BUTTON1())
   \                     ??halAssertHazardLights_10:
   \   0000AF   A281         MOV     C,0x80.1
   \   0000B1   5004         JNC     ??halAssertHazardLights_12
    173                {
    174                  buttonHeld++;
   \   0000B3   05..         INC     ?V0 + 2
   \   0000B5   8003         SJMP    ??halAssertHazardLights_13
    175                }
    176                else
    177                {
    178                  buttonHeld = 0;
   \                     ??halAssertHazardLights_12:
   \   0000B7   75..00       MOV     ?V0 + 2,#0x0
    179                }
    180              }
    181              while (buttonHeld != 10);  /* loop until button is held specified number of loops */
   \                     ??halAssertHazardLights_13:
   \   0000BA   740A         MOV     A,#0xa
   \   0000BC   65..         XRL     A,?V0 + 2
   \   0000BE   7095         JNZ     ??halAssertHazardLights_5
    182          
    183              /*-------------------------------------------------------------------------------
    184               *  Just exited from "hazard lights" loop.
    185               */
    186          
    187              /* turn off all LEDs */
    188              HAL_TURN_OFF_LED1();
   \   0000C0   C290         CLR     0x90.0
    189              HAL_TURN_OFF_LED2();
   \   0000C2   C290         CLR     0x90.0
    190              HAL_TURN_OFF_LED3();
   \   0000C4   C290         CLR     0x90.0
    191              HAL_TURN_OFF_LED4();
   \   0000C6   C290         CLR     0x90.0
    192          
    193              /* wait for button release */
    194              HAL_DEBOUNCE(!HAL_PUSH_BUTTON1());
   \   0000C8   7800         MOV     R0,#0x0
   \   0000CA   7900         MOV     R1,#0x0
   \                     ??halAssertHazardLights_14:
   \   0000CC   C3           CLR     C
   \   0000CD   E8           MOV     A,R0
   \   0000CE   94F4         SUBB    A,#-0xc
   \   0000D0   E9           MOV     A,R1
   \   0000D1   9401         SUBB    A,#0x1
   \   0000D3   A2D2         MOV     C,0xD0 /* PSW */.2
   \   0000D5   65D0         XRL     A,PSW
   \   0000D7   33           RLC     A
   \   0000D8   5012         JNC     ??halAssertHazardLights_15
   \   0000DA   A281         MOV     C,0x80.1
   \   0000DC   5004         JNC     ??halAssertHazardLights_16
   \   0000DE   7800         MOV     R0,#0x0
   \   0000E0   7900         MOV     R1,#0x0
   \                     ??halAssertHazardLights_16:
   \   0000E2   E8           MOV     A,R0
   \   0000E3   2401         ADD     A,#0x1
   \   0000E5   F8           MOV     R0,A
   \   0000E6   E9           MOV     A,R1
   \   0000E7   3400         ADDC    A,#0x0
   \   0000E9   F9           MOV     R1,A
   \   0000EA   80E0         SJMP    ??halAssertHazardLights_14
    195          
    196              /*-------------------------------------------------------------------------------
    197               *  Load debug data into memory.
    198               */
    199          #ifdef HAL_MCU_AVR
    200              {
    201                uint8 * pStack;
    202                pStack = (uint8 *) SP;
    203                pStack++; /* point to return address on stack */
    204                debugData[DEBUG_DATA_RSTACK_HIGH_OFS] = *pStack;
    205                pStack++;
    206                debugData[DEBUG_DATA_RSTACK_LOW_OFS] = *pStack;
    207              }
    208              debugData[DEBUG_DATA_INT_MASK_OFS] = EIMSK;
    209          #endif
    210          
    211          #if (defined HAL_MCU_CC2430)
    212              debugData[DEBUG_DATA_INT_MASK_OFS] = RFIM;
    213          #elif (defined HAL_MCU_CC2530) || (defined HAL_MCU_CC2533)
    214              debugData[DEBUG_DATA_INT_MASK0_OFS] = RFIRQM0;
   \                     ??halAssertHazardLights_15:
   \   0000EC   9061A3       MOV     DPTR,#0x61a3
   \   0000EF   E0           MOVX    A,@DPTR
   \   0000F0   C0E0         PUSH    A
   \   0000F2   7408         MOV     A,#0x8
   \   0000F4   12....       LCALL   ?XSTACK_DISP0_8
   \   0000F7   D0E0         POP     A
   \   0000F9   F0           MOVX    @DPTR,A
    215              debugData[DEBUG_DATA_INT_MASK1_OFS] = RFIRQM1;
   \   0000FA   9061A4       MOV     DPTR,#0x61a4
   \   0000FD   E0           MOVX    A,@DPTR
   \   0000FE   C0E0         PUSH    A
   \   000100   7409         MOV     A,#0x9
   \   000102   12....       LCALL   ?XSTACK_DISP0_8
   \   000105   D0E0         POP     A
   \   000107   F0           MOVX    @DPTR,A
    216          #endif
    217          
    218          
    219          #if (defined HAL_MCU_AVR) || (defined HAL_MCU_CC2430) || (defined HAL_MCU_CC2530) || \
    220              (defined HAL_MCU_CC2533) || (defined HAL_MCU_MSP430)
    221              debugData[DEBUG_DATA_TX_ACTIVE_OFS] = macTxActive;
   \   000108   90....       MOV     DPTR,#macTxActive
   \   00010B   E0           MOVX    A,@DPTR
   \   00010C   C0E0         PUSH    A
   \   00010E   7406         MOV     A,#0x6
   \   000110   12....       LCALL   ?XSTACK_DISP0_8
   \   000113   D0E0         POP     A
   \   000115   F0           MOVX    @DPTR,A
    222              debugData[DEBUG_DATA_RX_ACTIVE_OFS] = macRxActive;
   \   000116   90....       MOV     DPTR,#macRxActive
   \   000119   E0           MOVX    A,@DPTR
   \   00011A   C0E0         PUSH    A
   \   00011C   7407         MOV     A,#0x7
   \   00011E   12....       LCALL   ?XSTACK_DISP0_8
   \   000121   D0E0         POP     A
   \   000123   F0           MOVX    @DPTR,A
    223          #endif
    224          
    225             /* initialize for data dump loop */
    226              {
    227                uint8 iBit;
    228                uint8 iByte;
    229          
    230                iBit  = 0;
   \   000124   7B00         MOV     R3,#0x0
    231                iByte = 0;
   \   000126   7A00         MOV     R2,#0x0
    232          
    233                /*-------------------------------------------------------------------------------
    234                 *  Data dump loop.  A button press cycles data bits to an LED.
    235                 */
    236                while (iByte < DEBUG_DATA_SIZE)
   \                     ??halAssertHazardLights_17:
   \   000128   EA           MOV     A,R2
   \   000129   C3           CLR     C
   \   00012A   9406         SUBB    A,#0x6
   \   00012C   507A         JNC     ??halAssertHazardLights_18
    237                {
    238                  /* wait for key press */
    239                  while(!HAL_PUSH_BUTTON1());
   \                     ??halAssertHazardLights_19:
   \   00012E   A281         MOV     C,0x80.1
   \   000130   50FC         JNC     ??halAssertHazardLights_19
    240          
    241                  /* turn on all LEDs for first bit of byte, turn on three LEDs if not first bit */
    242                  HAL_TURN_ON_LED1();
   \   000132   D290         SETB    0x90.0
    243                  HAL_TURN_ON_LED2();
   \   000134   D290         SETB    0x90.0
    244                  HAL_TURN_ON_LED3();
   \   000136   D290         SETB    0x90.0
    245                  if (iBit == 0)
   \   000138   EB           MOV     A,R3
   \   000139   7004         JNZ     ??halAssertHazardLights_20
    246                  {
    247                    HAL_TURN_ON_LED4();
   \   00013B   D290         SETB    0x90.0
   \   00013D   8002         SJMP    ??halAssertHazardLights_21
    248                  }
    249                  else
    250                  {
    251                    HAL_TURN_OFF_LED4();
   \                     ??halAssertHazardLights_20:
   \   00013F   C290         CLR     0x90.0
    252                  }
    253          
    254                  /* wait for debounced key release */
    255                  HAL_DEBOUNCE(!HAL_PUSH_BUTTON1());
   \                     ??halAssertHazardLights_21:
   \   000141   7800         MOV     R0,#0x0
   \   000143   7900         MOV     R1,#0x0
   \                     ??halAssertHazardLights_22:
   \   000145   C3           CLR     C
   \   000146   E8           MOV     A,R0
   \   000147   94F4         SUBB    A,#-0xc
   \   000149   E9           MOV     A,R1
   \   00014A   9401         SUBB    A,#0x1
   \   00014C   A2D2         MOV     C,0xD0 /* PSW */.2
   \   00014E   65D0         XRL     A,PSW
   \   000150   33           RLC     A
   \   000151   5012         JNC     ??halAssertHazardLights_23
   \   000153   A281         MOV     C,0x80.1
   \   000155   5004         JNC     ??halAssertHazardLights_24
   \   000157   7800         MOV     R0,#0x0
   \   000159   7900         MOV     R1,#0x0
   \                     ??halAssertHazardLights_24:
   \   00015B   E8           MOV     A,R0
   \   00015C   2401         ADD     A,#0x1
   \   00015E   F8           MOV     R0,A
   \   00015F   E9           MOV     A,R1
   \   000160   3400         ADDC    A,#0x0
   \   000162   F9           MOV     R1,A
   \   000163   80E0         SJMP    ??halAssertHazardLights_22
    256          
    257                  /* turn off all LEDs */
    258                  HAL_TURN_OFF_LED1();
   \                     ??halAssertHazardLights_23:
   \   000165   C290         CLR     0x90.0
    259                  HAL_TURN_OFF_LED2();
   \   000167   C290         CLR     0x90.0
    260                  HAL_TURN_OFF_LED3();
   \   000169   C290         CLR     0x90.0
    261                  HAL_TURN_OFF_LED4();
   \   00016B   C290         CLR     0x90.0
    262          
    263                  /* output value of data bit to LED1 */
    264                  if (debugData[iByte] & (1 << (7 - iBit)))
   \   00016D   75..01       MOV     ?V0 + 0,#0x1
   \   000170   75..00       MOV     ?V0 + 1,#0x0
   \   000173   7407         MOV     A,#0x7
   \   000175   C3           CLR     C
   \   000176   9B           SUBB    A,R3
   \   000177   78..         MOV     R0,#?V0 + 0
   \   000179   12....       LCALL   ?S_SHL
   \   00017C   8A..         MOV     ?V0 + 4,R2
   \   00017E   75..00       MOV     ?V0 + 5,#0x0
   \   000181   7404         MOV     A,#0x4
   \   000183   12....       LCALL   ?XSTACK_DISP0_8
   \   000186   E582         MOV     A,DPL
   \   000188   25..         ADD     A,?V0 + 4
   \   00018A   F582         MOV     DPL,A
   \   00018C   E583         MOV     A,DPH
   \   00018E   35..         ADDC    A,?V0 + 5
   \   000190   F583         MOV     DPH,A
   \   000192   E0           MOVX    A,@DPTR
   \   000193   55..         ANL     A,?V0 + 0
   \   000195   6004         JZ      ??halAssertHazardLights_25
    265                  {
    266                    HAL_TURN_ON_LED1();
   \   000197   D290         SETB    0x90.0
   \   000199   8002         SJMP    ??halAssertHazardLights_26
    267                  }
    268                  else
    269                  {
    270                    HAL_TURN_OFF_LED1();
   \                     ??halAssertHazardLights_25:
   \   00019B   C290         CLR     0x90.0
    271                  }
    272          
    273                  /* advance to next bit */
    274                  iBit++;
   \                     ??halAssertHazardLights_26:
   \   00019D   0B           INC     R3
    275                  if (iBit == 8)
   \   00019E   7408         MOV     A,#0x8
   \   0001A0   6B           XRL     A,R3
   \   0001A1   7085         JNZ     ??halAssertHazardLights_17
    276                  {
    277                    iBit = 0;
   \   0001A3   7B00         MOV     R3,#0x0
    278                    iByte++;
   \   0001A5   0A           INC     R2
   \   0001A6   8080         SJMP    ??halAssertHazardLights_17
    279                  }
    280                }
    281              }
    282          
    283              /*
    284               *  About to enter "hazard lights" loop again.  Turn off LED1 in case the last bit
    285               *  displayed happened to be one.  This guarantees all LEDs are off at the start of
    286               *  the flashing loop which uses a toggle operation to change LED states.
    287               */
    288              HAL_TURN_OFF_LED1();
   \                     ??halAssertHazardLights_18:
   \   0001A8   C290         CLR     0x90.0
   \   0001AA   02....       LJMP    ??halAssertHazardLights_4 & 0xFFFF
    289            }
   \                     ??halAssertHazardLights_11:
   \   0001AD   740A         MOV     A,#0xa
   \   0001AF   12....       LCALL   ?DEALLOC_XSTACK8
   \   0001B2   7F08         MOV     R7,#0x8
   \   0001B4   02....       LJMP    ?BANKED_LEAVE_XDATA
   \   0001B7                REQUIRE _A_IEN0
   \   0001B7                REQUIRE SLEEPCMD
   \   0001B7                REQUIRE SLEEPSTA
   \   0001B7                REQUIRE CLKCONCMD
   \   0001B7                REQUIRE CLKCONSTA
   \   0001B7                REQUIRE P1DIR
   \   0001B7                REQUIRE P0DIR
   \   0001B7                REQUIRE P0INP
   \   0001B7                REQUIRE _A_P1
   \   0001B7                REQUIRE _A_P0
    290          }

   \                                 In  segment XDATA_Z, align 1, keep-with-next
   \                     ??escape:
   \   000000                DS 1
   \   000001                REQUIRE __INIT_XDATA_Z

   \                                 In  segment XDATA_ROM_C, align 1
   \                     __Constant_0:
   \   000000   00000000     DD 0

   \                                 In  segment XDATA_ROM_C, align 1
   \                     __Constant_5800:
   \   000000   00580000     DD 22528

   \                                 In  segment XDATA_ROM_C, align 1
   \                     __Constant_1:
   \   000000   01000000     DD 1

   \                                 In  segment BANK_RELAYS, align 1
   \                     ??halAssertHandler?relay:
   \   000000   12....       LCALL   ?BDISPATCH
   \   000003   ......       DC24    halAssertHandler

   \                                 In  segment BANK_RELAYS, align 1
   \                     ??halAssertHazardLights?relay:
   \   000000   12....       LCALL   ?BDISPATCH
   \   000003   ......       DC24    halAssertHazardLights
    291          #endif
    292          
    293          /* ------------------------------------------------------------------------------------------------
    294           *                                    Compile Time Assertions
    295           * ------------------------------------------------------------------------------------------------
    296           */
    297          
    298          /* integrity check of type sizes */
    299          HAL_ASSERT_SIZE(  int8, 1);
    300          HAL_ASSERT_SIZE( uint8, 1);
    301          HAL_ASSERT_SIZE( int16, 2);
    302          HAL_ASSERT_SIZE(uint16, 2);
    303          HAL_ASSERT_SIZE( int32, 4);
    304          HAL_ASSERT_SIZE(uint32, 4);
    305          
    306          
    307          /**************************************************************************************************
    308          */

   Maximum stack usage in bytes:

     Function                   ISTACK PSTACK XSTACK
     --------                   ------ ------ ------
     halAssertHandler               2      0      0
       -> halAssertHazardLights     4      0      0
     halAssertHazardLights          2      0     26
       -> MAC_RfFrontendSetup       0      0     52


   Segment part sizes:

     Function/Label                Bytes
     --------------                -----
     _A_P0                            1
     P0INP                            1
     _A_P1                            1
     SLEEPSTA                         1
     CLKCONSTA                        1
     _A_IEN0                          1
     SLEEPCMD                         1
     CLKCONCMD                        1
     P0DIR                            1
     P1DIR                            1
     halAssertHandler                14
     halAssertHazardLights          439
     escape                           1
     __Constant_0                     4
     __Constant_5800                  4
     __Constant_1                     4
     ??halAssertHandler?relay         6
     ??halAssertHazardLights?relay    6

 
 453 bytes in segment BANKED_CODE
  12 bytes in segment BANK_RELAYS
  10 bytes in segment SFR_AN
  12 bytes in segment XDATA_ROM_C
   1 byte  in segment XDATA_Z
 
 465 bytes of CODE  memory
   0 bytes of CONST memory (+ 12 bytes shared)
   0 bytes of DATA  memory (+ 10 bytes shared)
   1 byte  of XDATA memory

Errors: none
Warnings: none
